<?xml version="1.0" encoding="UTF-8"?>
<testsuite name="factory.FactoryTest" tests="2" skipped="0" failures="0" errors="0" timestamp="2021-09-07T23:21:46" hostname="ip-192-168-20-36.us-east-2.compute.internal" time="0.024">
  <properties/>
  <testcase name="testProductOne()" classname="factory.FactoryTest" time="0.022"/>
  <testcase name="testProductTwo()" classname="factory.FactoryTest" time="0.001"/>
  <system-out><![CDATA[]]></system-out>
  <system-err><![CDATA[]]></system-err>
</testsuite>
